<?xml version="1.0" encoding="UTF-8"?>
<!-- Generated by org.testng.reporters.JUnitReportReporter -->
<testsuite skipped="0" hostname="DESKTOP-49LUL45" name="myPack.FirstPgm2" tests="2" failures="0" timestamp="2020-06-22T21:57:13 IST" time="0.004" errors="0">
  <testcase name="test_2" time="0.000" classname="myPack.FirstPgm2"/>
  <system-out/>
  <testcase name="test_1" time="0.004" classname="myPack.FirstPgm2"/>
  <system-out/>
</testsuite> <!-- myPack.FirstPgm2 -->
